<?xml version="1.0" encoding="UTF-8"?>
<!-- Generated by org.testng.reporters.JUnitReportReporter -->
<testsuite hostname="DESKTOP-IULVM7O" failures="0" tests="3" name="ice_hrm_Automation.testngExample.Sample5" time="0.032" errors="0" timestamp="2023-04-03T16:48:33 IST" skipped="0">
  <testcase classname="ice_hrm_Automation.testngExample.Sample5" name="sample5Test1" time="0.011"/>
  <system-out/>
  <testcase classname="ice_hrm_Automation.testngExample.Sample5" name="sample5Test3" time="0.014"/>
  <system-out/>
  <testcase classname="ice_hrm_Automation.testngExample.Sample5" name="sample5Test2" time="0.007"/>
  <system-out/>
</testsuite> <!-- ice_hrm_Automation.testngExample.Sample5 -->
