<?xml version="1.0" encoding="UTF-8"?>
<!-- Generated by org.testng.reporters.JUnitReportReporter -->
<testsuite hostname="DESKTOP-IULVM7O" failures="0" tests="3" name="ice_hrm_Automation.testngExample.Sample4" time="0.022" errors="0" timestamp="2023-04-03T16:48:33 IST" skipped="0">
  <testcase classname="ice_hrm_Automation.testngExample.Sample4" name="sample4Test2" time="0.004"/>
  <system-out/>
  <testcase classname="ice_hrm_Automation.testngExample.Sample4" name="sample4Test3" time="0.007"/>
  <system-out/>
  <testcase classname="ice_hrm_Automation.testngExample.Sample4" name="sample4Test1" time="0.011"/>
  <system-out/>
</testsuite> <!-- ice_hrm_Automation.testngExample.Sample4 -->
