<?xml version="1.0" encoding="UTF-8"?>
<!-- Generated by org.testng.reporters.JUnitReportReporter -->
<testsuite hostname="DESKTOP-IULVM7O" failures="0" tests="1" name="ice_crm_Automation.testngExample.TestNGExample" time="51.721" errors="0" timestamp="2023-03-13T19:15:32 IST" skipped="0">
  <testcase classname="ice_crm_Automation.testngExample.TestNGExample" name="addEmp" time="51.721"/>
  <system-out/>
</testsuite> <!-- ice_crm_Automation.testngExample.TestNGExample -->
