<?xml version="1.0" encoding="UTF-8"?>
<!-- Generated by org.testng.reporters.JUnitReportReporter -->
<testsuite hostname="DESKTOP-IULVM7O" failures="0" tests="3" name="ice_hrm_Automation.testngExample.Sample3" time="0.023" errors="0" timestamp="2023-04-03T16:48:33 IST" skipped="0">
  <testcase classname="ice_hrm_Automation.testngExample.Sample3" name="sample3Test1" time="0.005"/>
  <system-out/>
  <testcase classname="ice_hrm_Automation.testngExample.Sample3" name="sample3Test3" time="0.009"/>
  <system-out/>
  <testcase classname="ice_hrm_Automation.testngExample.Sample3" name="sample3Test2" time="0.009"/>
  <system-out/>
</testsuite> <!-- ice_hrm_Automation.testngExample.Sample3 -->
